{
  "stats": {
    "suites": 1,
    "tests": 1,
    "passes": 1,
    "pending": 0,
    "failures": 0,
    "start": "2021-08-12T14:24:26.491Z",
    "end": "2021-08-12T14:24:26.980Z",
    "duration": 489,
    "testsRegistered": 1,
    "passPercent": 100,
    "pendingPercent": 0,
    "other": 0,
    "hasOther": false,
    "skipped": 0,
    "hasSkipped": false
  },
  "results": [
    {
      "uuid": "9db3152b-34c7-4fba-a45d-3b3ed120155b",
      "title": "",
      "fullFile": "cypress/integration/GOREST/tests/GETUser.spec.js",
      "file": "cypress/integration/GOREST/tests/GETUser.spec.js",
      "beforeHooks": [],
      "afterHooks": [],
      "tests": [],
      "suites": [
        {
          "uuid": "da396c55-416c-4ee5-ba76-10a95876140e",
          "title": "GET Users",
          "fullFile": "",
          "file": "",
          "beforeHooks": [],
          "afterHooks": [],
          "tests": [
            {
              "title": "Listando o usuário xx",
              "fullTitle": "GET Users Listando o usuário xx",
              "timedOut": null,
              "duration": 453,
              "state": "passed",
              "speed": "slow",
              "pass": true,
              "fail": false,
              "pending": false,
              "context": null,
              "code": "GETUser.AllUsers().should(response => {\n  expect(response.status).to.eq(200);\n  expect(response.body).to.be.not.null;\n});",
              "err": {},
              "uuid": "cec91d2a-8349-421a-9323-6f6dc288c3ee",
              "parentUUID": "da396c55-416c-4ee5-ba76-10a95876140e",
              "isHook": false,
              "skipped": false
            }
          ],
          "suites": [],
          "passes": [
            "cec91d2a-8349-421a-9323-6f6dc288c3ee"
          ],
          "failures": [],
          "pending": [],
          "skipped": [],
          "duration": 453,
          "root": false,
          "rootEmpty": false,
          "_timeout": 2000
        }
      ],
      "passes": [],
      "failures": [],
      "pending": [],
      "skipped": [],
      "duration": 0,
      "root": true,
      "rootEmpty": true,
      "_timeout": 2000
    }
  ],
  "meta": {
    "mocha": {
      "version": "7.0.1"
    },
    "mochawesome": {
      "options": {
        "quiet": false,
        "reportFilename": "mochawesome",
        "saveHtml": false,
        "saveJson": true,
        "consoleReporter": "spec",
        "useInlineDiffs": false,
        "code": true
      },
      "version": "6.2.2"
    },
    "marge": {
      "options": {
        "reportDir": "cypress\\reports\\.jsons",
        "charts": true,
        "reportPageTitle": "My Test Suite",
        "embeddedScreenshots": true,
        "inlineAssets": true,
        "overwrite": false,
        "html": false,
        "json": true
      },
      "version": "5.2.0"
    }
  }
}